     1                                  bits 32 ; assembling for the 32 bits architecture
     2                                  
     3                                  ; declare the EntryPoint (a label defining the very first instruction of the program)
     4                                  global start        
     5                                  
     6                                  ; declare external functions needed by our program
     7                                  extern exit               ; tell nasm that exit exists even if we won't be defining it
     8                                  import exit msvcrt.dll    ; exit is a function that ends the calling process. It is defined in msvcrt.dll
     9                                                            ; msvcrt.dll contains exit, printf and all the other important C-runtime specific functions
    10                                                            
    11                                  ; (a + a) - (b + b) - c
    12                                  ; our data is declared here (the variables needed by our program)
    13                                  segment data use32 class=data
    14 00000000 28                          a db 40
    15 00000001 04                          b db 4
    16 00000002 02                          _c db 2
    17                                      
    18                                  
    19                                  ; our code starts here
    20                                  segment code use32 class=code
    21                                      start:
    22                                          
    23 00000000 A0[00000000]                    mov AL, [a]
    24 00000005 0205[00000000]                  add AL, [a]
    25                                          
    26 0000000B 8A15[01000000]                  mov DL, [b]
    27 00000011 0215[01000000]                  add DL, [b]
    28                                          
    29 00000017 28D0                            sub AL, DL
    30 00000019 2A05[02000000]                  sub AL, [_c]
    31                                  
    32                                          ; exit(0)
    33 0000001F 6A00                            push    dword 0      ; push the parameter for exit onto the stack
    34 00000021 FF15[00000000]                  call    [exit]       ; call exit to terminate the program
