     1                                  bits 32 ; assembling for the 32 bits architecture
     2                                  
     3                                  ; declare the EntryPoint (a label defining the very first instruction of the program)
     4                                  global start        
     5                                  
     6                                  ; declare external functions needed by our program
     7                                  extern exit               ; tell nasm that exit exists even if we won't be defining it
     8                                  import exit msvcrt.dll    ; exit is a function that ends the calling process. It is defined in msvcrt.dll
     9                                                            ; msvcrt.dll contains exit, printf and all the other important C-runtime specific functions
    10                                  
    11                                  ; (e + g - 2 * b) / c
    12                                  ; our data is declared here (the variables needed by our program)
    13                                  segment data use32 class=data
    14 00000000 04                          b  db 4
    15 00000001 02                          _c db 2
    16 00000002 2000                        e  dw 32
    17 00000004 1000                        g  dw 16
    18                                  
    19                                  ; our code starts here
    20                                  segment code use32 class=code
    21                                      start:
    22                                          
    23 00000000 668B15[02000000]                mov DX, [e]
    24 00000007 660315[04000000]                add DX, [g]
    25                                  
    26 0000000E 66B80200                        mov AX, 2
    27 00000012 F625[00000000]                  mul byte [b]
    28                                          
    29 00000018 6629C2                          sub DX, AX
    30                                          
    31 0000001B 6689D0                          mov AX, DX
    32                                          
    33 0000001E 8A1D[01000000]                  mov BL, [_c]
    34 00000024 F6F3                            div BL
    35                                      
    36                                          ; exit(0)
    37 00000026 6A00                            push    dword 0      ; push the parameter for exit onto the stack
    38 00000028 FF15[00000000]                  call    [exit]       ; call exit to terminate the program
