[2022-03-30 19:27:27] [info] Start Program:
Path:"D:\___Uni\Sem2\OOP\Assignments\Assignment56\Debug\Assignment56.exe"
Arguments:
Working directory: "D:\___Uni\Sem2\OOP\Assignments\Assignment56\Assignment56\"
Modules: Selected: D:\___Uni\Sem2\OOP\Assignments\Assignment56\Debug\Assignment56.exe Excluded: 
Sources: Selected: D:\___Uni\Sem2\OOP\Assignments\Assignment56\Assignment56 Excluded: ui.cpp app.cpp tests.cpp ui.h 
Log Level: Normal
Cover Children: 0
Aggregate by file: 1
Continue after C++ exception: 0
Optimized build support: 0
Export: Binary C:\Users\Asus\AppData\Local\Temp\ztpuwjzo.hzg 
Input coverage: 
Unified diff: 
Excluded line regular expressions: 
Substitute pdb source paths: 

[2022-03-30 19:27:27] [info] Module: D:\___Uni\Sem2\OOP\Assignments\Assignment56\Debug\Assignment56.exe is selected because it matches selected pattern: D:\___Uni\Sem2\OOP\Assignments\Assignment56\Debug\Assignment56.exe
[2022-03-30 19:27:30] [info] ----------------------------------------------------
[2022-03-30 19:27:30] [info] Coverage binary generated in file: C:\Users\Asus\AppData\Local\Temp\ztpuwjzo.hzg
[2022-03-30 19:27:30] [info] ----------------------------------------------------
