     1                                  ; 64 * 4
     2                                  
     3                                  bits 32 
     4                                  
     5                                  global start        
     6                                  
     7                                  extern exit               
     8                                  import exit msvcrt.dll  
     9                                  
    10                                  
    11                                  segment data use32 class=data
    12 00000000 04                          a   db  4
    13                                  
    14                                  segment code use32 class=code
    15                                      start:
    16                                          
    17 00000000 66B84000                        mov AX, 64 ; AX <- 64
    18 00000004 F625[00000000]                  mul byte [a] 
    19                                          
    20 0000000A 6A00                            push    dword 0      
    21 0000000C FF15[00000000]                  call    [exit]
